<?xml version="1.0" encoding="UTF-8"?>
<!-- Generated by org.testng.reporters.JUnitReportReporter -->
<testsuite hostname="LAPTOP-D9L8LA8N" failures="0" tests="14" name="stepdefin.RegistrationSteps" time="89.531" errors="0" timestamp="2024-07-05T21:22:13 IST" skipped="0">
  <testcase classname="stepdefin.RegistrationSteps" name="testRegistration" time="7.798"/>
  <system-out/>
  <testcase classname="stepdefin.RegistrationSteps" name="testRegistration" time="5.402"/>
  <system-out/>
  <testcase classname="stepdefin.RegistrationSteps" name="testRegistration" time="5.784"/>
  <system-out/>
  <testcase classname="stepdefin.RegistrationSteps" name="testRegistration" time="5.413"/>
  <system-out/>
  <testcase classname="stepdefin.RegistrationSteps" name="testRegistration" time="8.231"/>
  <system-out/>
  <testcase classname="stepdefin.RegistrationSteps" name="testRegistration" time="5.916"/>
  <system-out/>
  <testcase classname="stepdefin.RegistrationSteps" name="testRegistration" time="6.386"/>
  <system-out/>
  <testcase classname="stepdefin.RegistrationSteps" name="testRegistration" time="6.872"/>
  <system-out/>
  <testcase classname="stepdefin.RegistrationSteps" name="testRegistration" time="6.565"/>
  <system-out/>
  <testcase classname="stepdefin.RegistrationSteps" name="testRegistration" time="7.023"/>
  <system-out/>
  <testcase classname="stepdefin.RegistrationSteps" name="testRegistration" time="6.513"/>
  <system-out/>
  <testcase classname="stepdefin.RegistrationSteps" name="testRegistration" time="4.952"/>
  <system-out/>
  <testcase classname="stepdefin.RegistrationSteps" name="testRegistration" time="6.589"/>
  <system-out/>
  <testcase classname="stepdefin.RegistrationSteps" name="testRegistration" time="6.087"/>
  <system-out/>
</testsuite> <!-- stepdefin.RegistrationSteps -->
